<?xml version="1.0" encoding="UTF-8"?>
<!-- Generated by org.testng.reporters.JUnitReportReporter -->
<testsuite hostname="DESKTOP-NI4MB26" failures="0" tests="1" name="com.HowardHughesBP.testCases.HillwoodBP" time="58.394" errors="0" timestamp="2022-06-15T11:53:34 IST" skipped="0">
  <testcase classname="com.HowardHughesBP.testCases.HillwoodBP" name="cancelSaleTest" time="58.394"/>
  <system-out>
Cancel Sale Process is Successfull  </system-out>
</testsuite> <!-- com.HowardHughesBP.testCases.HillwoodBP -->
