<?xml version="1.0" encoding="UTF-8"?>
<!-- Generated by org.testng.reporters.JUnitReportReporter -->
<testsuite hostname="DESKTOP-NI4MB26" failures="0" tests="1" name="com.HillwoodMavenProject.testCases.TC_CancelSale_002" time="8.960" errors="0" timestamp="2022-06-07T13:03:03 IST" skipped="0">
  <testcase classname="com.HillwoodMavenProject.testCases.TC_CancelSale_002" name="cancelSale" time="8.960"/>
  <system-out/>
</testsuite> <!-- com.HillwoodMavenProject.testCases.TC_CancelSale_002 -->
