<?xml version="1.0" encoding="UTF-8"?>
<!-- Generated by org.testng.reporters.JUnitReportReporter -->
<testsuite hostname="DESKTOP-NI4MB26" failures="0" tests="1" name="com.HillwoodMavenProject.testCases.BLPdfCheck" time="69.093" errors="0" timestamp="2022-06-15T11:11:40 IST" skipped="0">
  <testcase classname="com.HillwoodMavenProject.testCases.BLPdfCheck" name="BLpdfCheck" time="69.093"/>
  <system-out>
Login Successfull  </system-out>
</testsuite> <!-- com.HillwoodMavenProject.testCases.BLPdfCheck -->
