<?xml version="1.0" encoding="UTF-8"?>
<!-- Generated by org.testng.reporters.JUnitReportReporter -->
<testsuite hostname="DESKTOP-NI4MB26" failures="0" tests="1" name="com.HillwoodMavenProject.testCases.TC_LoginTest_001" time="0.328" errors="0" timestamp="2022-06-13T18:02:17 IST" skipped="0">
  <testcase classname="com.HillwoodMavenProject.testCases.TC_LoginTest_001" name="loginTest" time="0.328"/>
  <system-out/>
</testsuite> <!-- com.HillwoodMavenProject.testCases.TC_LoginTest_001 -->
